<?xml version="1.0" encoding="UTF-8"?>
<!-- Generated by org.testng.reporters.JUnitReportReporter -->
<testsuite hostname="CROWELT077" failures="0" tests="2" name="com.learn.rest.TC02_POSTPUTMethod" time="6.182" errors="0" timestamp="2020-10-11T20:34:22 GST" skipped="0">
  <testcase classname="com.learn.rest.TC02_POSTPUTMethod" name="postmethod" time="5.313"/>
  <system-out/>
  <testcase classname="com.learn.rest.TC02_POSTPUTMethod" name="putmethod" time="0.869"/>
  <system-out/>
</testsuite> <!-- com.learn.rest.TC02_POSTPUTMethod -->
