<?xml version="1.0" encoding="UTF-8"?>
<!-- Generated by org.testng.reporters.JUnitReportReporter -->
<testsuite hostname="CROWELT077" failures="0" tests="4" name="com.learn.rest.TC01_GETMethod" time="8.521" errors="0" timestamp="2020-10-11T19:32:37 GST" skipped="0">
  <testcase classname="com.learn.rest.TC01_GETMethod" name="getMethod3" time="0.601"/>
  <system-out/>
  <testcase classname="com.learn.rest.TC01_GETMethod" name="deleteMethod" time="4.740"/>
  <system-out/>
  <testcase classname="com.learn.rest.TC01_GETMethod" name="getMethod2" time="0.519"/>
  <system-out/>
  <testcase classname="com.learn.rest.TC01_GETMethod" name="getMethod1" time="2.661"/>
  <system-out/>
</testsuite> <!-- com.learn.rest.TC01_GETMethod -->
